This is pdfTeX, Version 3.14159265-2.6-1.40.20 (TeX Live 2019/Debian) (preloaded format=pdflatex 2021.3.6)  25 JAN 2022 19:31
entering extended mode
 restricted \write18 enabled.
 %&-line parsing enabled.
**asme2ejs.tex
(./asme2ejs.tex
LaTeX2e <2020-02-02> patch level 2
L3 programming layer <2020-02-14> (./asme2ej.cls

LaTeX Warning: You have requested document class `asme2ej',
               but the document class provides `asme2e'.

Document Class: asme2e 2001/2/14 v2.0 Standard LaTeX document class
(/usr/share/texlive/texmf-dist/tex/latex/base/ifthen.sty
Package: ifthen 2014/09/29 v1.1c Standard LaTeX ifthen package (DPC)
)
(/usr/share/texlive/texmf-dist/tex/latex/psnfss/times.sty
Package: times 2005/04/12 PSNFSS-v9.2a (SPQR) 
)
(/usr/share/texlive/texmf-dist/tex/latex/psnfss/mathptm.sty
Package: mathptm 2005/04/12 PSNFSS-v9.2a Times w/ Math (SPQR, WaS) 


Package mathptm Warning: This package is to be regarded as obsolete.
(mathptm)                See the PSNFSS documentation.

LaTeX Font Info:    Redeclaring symbol font `operators' on input line 31.
LaTeX Font Info:    Overwriting symbol font `operators' in version `normal'
(Font)                  OT1/cmr/m/n --> OT1/ptmcm/m/n on input line 31.
LaTeX Font Info:    Overwriting symbol font `operators' in version `bold'
(Font)                  OT1/cmr/bx/n --> OT1/ptmcm/m/n on input line 31.
LaTeX Font Info:    Redeclaring symbol font `letters' on input line 32.
LaTeX Font Info:    Overwriting symbol font `letters' in version `normal'
(Font)                  OML/cmm/m/it --> OML/ptmcm/m/it on input line 32.
LaTeX Font Info:    Overwriting symbol font `letters' in version `bold'
(Font)                  OML/cmm/b/it --> OML/ptmcm/m/it on input line 32.
LaTeX Font Info:    Redeclaring symbol font `symbols' on input line 33.
LaTeX Font Info:    Overwriting symbol font `symbols' in version `normal'
(Font)                  OMS/cmsy/m/n --> OMS/pzccm/m/n on input line 33.
LaTeX Font Info:    Overwriting symbol font `symbols' in version `bold'
(Font)                  OMS/cmsy/b/n --> OMS/pzccm/m/n on input line 33.
LaTeX Font Info:    Redeclaring symbol font `largesymbols' on input line 34.
LaTeX Font Info:    Overwriting symbol font `largesymbols' in version `normal'
(Font)                  OMX/cmex/m/n --> OMX/psycm/m/n on input line 34.
LaTeX Font Info:    Overwriting symbol font `largesymbols' in version `bold'
(Font)                  OMX/cmex/m/n --> OMX/psycm/m/n on input line 34.
\symbold=\mathgroup4
\symitalic=\mathgroup5
LaTeX Font Info:    Redeclaring math alphabet \mathbf on input line 37.
LaTeX Font Info:    Overwriting math alphabet `\mathbf' in version `normal'
(Font)                  OT1/cmr/bx/n --> OT1/ptm/bx/n on input line 37.
LaTeX Font Info:    Overwriting math alphabet `\mathbf' in version `bold'
(Font)                  OT1/cmr/bx/n --> OT1/ptm/bx/n on input line 37.
LaTeX Font Info:    Redeclaring math alphabet \mathit on input line 38.
LaTeX Font Info:    Overwriting math alphabet `\mathit' in version `normal'
(Font)                  OT1/cmr/m/it --> OT1/ptm/m/it on input line 38.
LaTeX Font Info:    Overwriting math alphabet `\mathit' in version `bold'
(Font)                  OT1/cmr/bx/it --> OT1/ptm/m/it on input line 38.
) (/usr/share/texlive/texmf-dist/tex/generic/iftex/ifpdf.sty
Package: ifpdf 2019/10/25 v3.4 ifpdf legacy package. Use iftex instead.

(/usr/share/texlive/texmf-dist/tex/generic/iftex/iftex.sty
Package: iftex 2019/11/07 v1.0c TeX engine tests
))
Ten Point
LaTeX Font Info:    Trying to load font information for OT1+phv on input line 3
01.
(/usr/share/texlive/texmf-dist/tex/latex/psnfss/ot1phv.fd
File: ot1phv.fd 2001/06/04 scalable font definitions for OT1/phv.
)
\c@part=\count167
\c@section=\count168
\c@subsection=\count169
\c@subsubsection=\count170
\c@paragraph=\count171
\c@subparagraph=\count172
\tempbox=\box45
\c@figure=\count173
\c@table=\count174
\@authcnt=\count175
\@tmpcnt=\count176
\bibindent=\dimen134
\tempbox=\box46
\minute=\count177
\hour=\count178
)
(/usr/share/texlive/texmf-dist/tex/latex/graphics/graphicx.sty
Package: graphicx 2019/11/30 v1.2a Enhanced LaTeX Graphics (DPC,SPQR)

(/usr/share/texlive/texmf-dist/tex/latex/graphics/keyval.sty
Package: keyval 2014/10/28 v1.15 key=value parser (DPC)
\KV@toks@=\toks14
)
(/usr/share/texlive/texmf-dist/tex/latex/graphics/graphics.sty
Package: graphics 2019/11/30 v1.4a Standard LaTeX Graphics (DPC,SPQR)

(/usr/share/texlive/texmf-dist/tex/latex/graphics/trig.sty
Package: trig 2016/01/03 v1.10 sin cos tan (DPC)
)
(/usr/share/texlive/texmf-dist/tex/latex/graphics-cfg/graphics.cfg
File: graphics.cfg 2016/06/04 v1.11 sample graphics configuration
)
Package graphics Info: Driver file: pdftex.def on input line 105.

(/usr/share/texlive/texmf-dist/tex/latex/graphics-def/pdftex.def
File: pdftex.def 2018/01/08 v1.0l Graphics/color driver for pdftex
))
\Gin@req@height=\dimen135
\Gin@req@width=\dimen136
)
(/usr/share/texlive/texmf-dist/tex/latex/float/float.sty
Package: float 2001/11/08 v1.3d Float enhancements (AL)
\c@float@type=\count179
\float@exts=\toks15
\float@box=\box47
\@float@everytoks=\toks16
\@floatcapt=\box48
)
(/usr/share/texlive/texmf-dist/tex/latex/amsfonts/amsfonts.sty
Package: amsfonts 2013/01/14 v3.01 Basic AMSFonts support
\@emptytoks=\toks17
\symAMSa=\mathgroup6
\symAMSb=\mathgroup7
LaTeX Font Info:    Redeclaring math symbol \hbar on input line 98.
LaTeX Font Info:    Overwriting math alphabet `\mathfrak' in version `bold'
(Font)                  U/euf/m/n --> U/euf/b/n on input line 106.
)
(/usr/share/texlive/texmf-dist/tex/latex/amsmath/amsmath.sty
Package: amsmath 2020/01/20 v2.17e AMS math features
\@mathmargin=\skip47

For additional information on amsmath, use the `?' option.
(/usr/share/texlive/texmf-dist/tex/latex/amsmath/amstext.sty
Package: amstext 2000/06/29 v2.01 AMS text

(/usr/share/texlive/texmf-dist/tex/latex/amsmath/amsgen.sty
File: amsgen.sty 1999/11/30 v2.0 generic functions
\@emptytoks=\toks18
\ex@=\dimen137
))
(/usr/share/texlive/texmf-dist/tex/latex/amsmath/amsbsy.sty
Package: amsbsy 1999/11/29 v1.2d Bold Symbols
\pmbraise@=\dimen138
)
(/usr/share/texlive/texmf-dist/tex/latex/amsmath/amsopn.sty
Package: amsopn 2016/03/08 v2.02 operator names
)
\inf@bad=\count180
LaTeX Info: Redefining \frac on input line 227.
\uproot@=\count181
\leftroot@=\count182
LaTeX Info: Redefining \overline on input line 389.
\classnum@=\count183
\DOTSCASE@=\count184
LaTeX Info: Redefining \ldots on input line 486.
LaTeX Info: Redefining \dots on input line 489.
LaTeX Info: Redefining \cdots on input line 610.
\Mathstrutbox@=\box49
\strutbox@=\box50
\big@size=\dimen139
LaTeX Font Info:    Redeclaring font encoding OML on input line 733.
LaTeX Font Info:    Redeclaring font encoding OMS on input line 734.
\macc@depth=\count185
\c@MaxMatrixCols=\count186
\dotsspace@=\muskip16
\c@parentequation=\count187
\dspbrk@lvl=\count188
\tag@help=\toks19
\row@=\count189
\column@=\count190
\maxfields@=\count191
\andhelp@=\toks20
\eqnshift@=\dimen140
\alignsep@=\dimen141
\tagshift@=\dimen142
\tagwidth@=\dimen143
\totwidth@=\dimen144
\lineht@=\dimen145
\@envbody=\toks21
\multlinegap=\skip48
\multlinetaggap=\skip49
\mathdisplay@stack=\toks22
LaTeX Info: Redefining \[ on input line 2859.
LaTeX Info: Redefining \] on input line 2860.
)
(/usr/share/texlive/texmf-dist/tex/latex/amsfonts/amssymb.sty
Package: amssymb 2013/01/14 v3.01 AMS font symbols
)
(/usr/share/texlive/texmf-dist/tex/latex/graphics/epsfig.sty
Package: epsfig 2017/06/25 v1.7b (e)psfig emulation (SPQR)
\epsfxsize=\dimen146
\epsfysize=\dimen147
)
(/usr/share/texlive/texmf-dist/tex/latex/l3backend/l3backend-pdfmode.def
File: l3backend-pdfmode.def 2020-02-03 L3 backend support: PDF mode
\l__kernel_color_stack_int=\count192
\l__pdf_internal_box=\box51
)
(./asme2ejs.aux)
\openout1 = `asme2ejs.aux'.

LaTeX Font Info:    Checking defaults for OML/cmm/m/it on input line 78.
LaTeX Font Info:    ... okay on input line 78.
LaTeX Font Info:    Checking defaults for OMS/cmsy/m/n on input line 78.
LaTeX Font Info:    ... okay on input line 78.
LaTeX Font Info:    Checking defaults for OT1/cmr/m/n on input line 78.
LaTeX Font Info:    ... okay on input line 78.
LaTeX Font Info:    Checking defaults for T1/cmr/m/n on input line 78.
LaTeX Font Info:    ... okay on input line 78.
LaTeX Font Info:    Checking defaults for TS1/cmr/m/n on input line 78.
LaTeX Font Info:    ... okay on input line 78.
LaTeX Font Info:    Checking defaults for OMX/cmex/m/n on input line 78.
LaTeX Font Info:    ... okay on input line 78.
LaTeX Font Info:    Checking defaults for U/cmr/m/n on input line 78.
LaTeX Font Info:    ... okay on input line 78.
LaTeX Font Info:    Trying to load font information for OT1+ptm on input line 7
8.
 (/usr/share/texlive/texmf-dist/tex/latex/psnfss/ot1ptm.fd
File: ot1ptm.fd 2001/06/04 font definitions for OT1/ptm.
)
(/usr/share/texlive/texmf-dist/tex/context/base/mkii/supp-pdf.mkii
[Loading MPS to PDF converter (version 2006.09.02).]
\scratchcounter=\count193
\scratchdimen=\dimen148
\scratchbox=\box52
\nofMPsegments=\count194
\nofMParguments=\count195
\everyMPshowfont=\toks23
\MPscratchCnt=\count196
\MPscratchDim=\dimen149
\MPnumerator=\count197
\makeMPintoPDFobject=\count198
\everyMPtoPDFconversion=\toks24
) (/usr/share/texlive/texmf-dist/tex/latex/epstopdf-pkg/epstopdf-base.sty
Package: epstopdf-base 2020-01-24 v2.11 Base part for package epstopdf
Package epstopdf-base Info: Redefining graphics rule for `.eps' on input line 4
85.

(/usr/share/texlive/texmf-dist/tex/latex/latexconfig/epstopdf-sys.cfg
File: epstopdf-sys.cfg 2010/07/13 v1.3 Configuration of (r)epstopdf for TeX Liv
e
))
LaTeX Font Info:    Trying to load font information for OT1+ptmcm on input line
 80.

(/usr/share/texlive/texmf-dist/tex/latex/psnfss/ot1ptmcm.fd
File: ot1ptmcm.fd 2000/01/03 Fontinst v1.801 font definitions for OT1/ptmcm.
)
LaTeX Font Info:    Trying to load font information for OML+ptmcm on input line
 80.

(/usr/share/texlive/texmf-dist/tex/latex/psnfss/omlptmcm.fd
File: omlptmcm.fd 2000/01/03 Fontinst v1.801 font definitions for OML/ptmcm.
)
LaTeX Font Info:    Trying to load font information for OMS+pzccm on input line
 80.

(/usr/share/texlive/texmf-dist/tex/latex/psnfss/omspzccm.fd
File: omspzccm.fd 2000/01/03 Fontinst v1.801 font definitions for OMS/pzccm.
)
LaTeX Font Info:    Trying to load font information for OMX+psycm on input line
 80.

(/usr/share/texlive/texmf-dist/tex/latex/psnfss/omxpsycm.fd
File: omxpsycm.fd 2000/01/03 Fontinst v1.801 font definitions for OMX/psycm.
)
LaTeX Font Info:    Font shape `OT1/ptm/bx/n' in size <10> not available
(Font)              Font shape `OT1/ptm/b/n' tried instead on input line 80.
LaTeX Font Info:    Font shape `OT1/ptm/bx/n' in size <7.4> not available
(Font)              Font shape `OT1/ptm/b/n' tried instead on input line 80.
LaTeX Font Info:    Font shape `OT1/ptm/bx/n' in size <6> not available
(Font)              Font shape `OT1/ptm/b/n' tried instead on input line 80.
LaTeX Font Info:    Trying to load font information for U+msa on input line 80.


(/usr/share/texlive/texmf-dist/tex/latex/amsfonts/umsa.fd
File: umsa.fd 2013/01/14 v3.01 AMS symbols A
)
LaTeX Font Info:    Trying to load font information for U+msb on input line 80.


(/usr/share/texlive/texmf-dist/tex/latex/amsfonts/umsb.fd
File: umsb.fd 2013/01/14 v3.01 AMS symbols B
)
Underfull \hbox (badness 10000) detected at line 80
[]
 []

<../Images/one.png, id=1, 702.625pt x 401.5pt>
File: ../Images/one.png Graphic file (type png)
<use ../Images/one.png>
Package pdftex.def Info: ../Images/one.png  used on input line 124.
(pdftex.def)             Requested size: 170.71335pt x 93.89302pt.
<../Images/two.png, id=3, 702.625pt x 401.5pt>
File: ../Images/two.png Graphic file (type png)
<use ../Images/two.png>
Package pdftex.def Info: ../Images/two.png  used on input line 125.
(pdftex.def)             Requested size: 170.71335pt x 93.89302pt.
<../Images/three.png, id=4, 702.625pt x 401.5pt>
File: ../Images/three.png Graphic file (type png)
<use ../Images/three.png>
Package pdftex.def Info: ../Images/three.png  used on input line 127.
(pdftex.def)             Requested size: 170.71335pt x 93.89302pt.
<../Images/four.png, id=5, 702.625pt x 401.5pt>
File: ../Images/four.png Graphic file (type png)
<use ../Images/four.png>
Package pdftex.def Info: ../Images/four.png  used on input line 128.
(pdftex.def)             Requested size: 170.71335pt x 93.89302pt.

Underfull \vbox (badness 10000) has occurred while \output is active []

 [1

{/var/lib/texmf/fonts/map/pdftex/updmap/pdftex.map}]
<../Images/five.png, id=17, 803.0pt x 301.125pt>
File: ../Images/five.png Graphic file (type png)
<use ../Images/five.png>
Package pdftex.def Info: ../Images/five.png  used on input line 143.
(pdftex.def)             Requested size: 284.534pt x 113.81297pt.
 [2 <../Images/one.png> <../Images/two.png> <../Images/three.png> <../Images/fo
ur.png> <../Images/five.png>]

LaTeX Warning: Citation `wiki_mt' on page 3 undefined on input line 213.


LaTeX Warning: Citation `med' on page 3 undefined on input line 213.

<../Images/historical_volume.png, id=26, 1405.25pt x 501.875pt>
File: ../Images/historical_volume.png Graphic file (type png)
<use ../Images/historical_volume.png>
Package pdftex.def Info: ../Images/historical_volume.png  used on input line 21
7.
(pdftex.def)             Requested size: 284.51868pt x 113.80533pt.

Underfull \vbox (badness 10000) has occurred while \output is active []

 [3]
<../Images/volume2.png, id=30, 1405.25pt x 401.5pt>
File: ../Images/volume2.png Graphic file (type png)
<use ../Images/volume2.png>
Package pdftex.def Info: ../Images/volume2.png  used on input line 228.
(pdftex.def)             Requested size: 284.51868pt x 113.80992pt.
<../Images/usdusdt.png, id=31, 1405.25pt x 401.5pt>
File: ../Images/usdusdt.png Graphic file (type png)
<use ../Images/usdusdt.png>
Package pdftex.def Info: ../Images/usdusdt.png  used on input line 237.
(pdftex.def)             Requested size: 284.51868pt x 113.80992pt.

[4 <../Images/historical_volume.png> <../Images/volume2.png> <../Images/usdusdt
.png>]
<../Images/mean1.png, id=38, 702.625pt x 301.125pt>
File: ../Images/mean1.png Graphic file (type png)
<use ../Images/mean1.png>
Package pdftex.def Info: ../Images/mean1.png  used on input line 246.
(pdftex.def)             Requested size: 170.71335pt x 93.89456pt.
<../Images/mean2.png, id=39, 702.625pt x 301.125pt>
File: ../Images/mean2.png Graphic file (type png)
<use ../Images/mean2.png>
Package pdftex.def Info: ../Images/mean2.png  used on input line 247.
(pdftex.def)             Requested size: 170.71335pt x 93.89456pt.
<../Images/mean3.png, id=40, 702.625pt x 301.125pt>
File: ../Images/mean3.png Graphic file (type png)
<use ../Images/mean3.png>
Package pdftex.def Info: ../Images/mean3.png  used on input line 249.
(pdftex.def)             Requested size: 170.71335pt x 93.89456pt.
<../Images/mean4.png, id=41, 702.625pt x 301.125pt>
File: ../Images/mean4.png Graphic file (type png)
<use ../Images/mean4.png>
Package pdftex.def Info: ../Images/mean4.png  used on input line 250.
(pdftex.def)             Requested size: 170.71335pt x 93.89456pt.
<../Images/ret_trades_1.png, id=42, 803.0pt x 401.5pt>
File: ../Images/ret_trades_1.png Graphic file (type png)
<use ../Images/ret_trades_1.png>
Package pdftex.def Info: ../Images/ret_trades_1.png  used on input line 272.
(pdftex.def)             Requested size: 170.71794pt x 93.89302pt.
<../Images/ratio_ret_trades.png, id=43, 803.0pt x 401.5pt>
File: ../Images/ratio_ret_trades.png Graphic file (type png)
<use ../Images/ratio_ret_trades.png>
Package pdftex.def Info: ../Images/ratio_ret_trades.png  used on input line 273
.
(pdftex.def)             Requested size: 170.71794pt x 93.89302pt.
<../Images/price_retail.png, id=44, 1405.25pt x 401.5pt>
File: ../Images/price_retail.png Graphic file (type png)
<use ../Images/price_retail.png>
Package pdftex.def Info: ../Images/price_retail.png  used on input line 275.
(pdftex.def)             Requested size: 347.13037pt x 93.89302pt.

Underfull \vbox (badness 10000) has occurred while \output is active []

 [5 <../Images/mean1.png> <../Images/mean2.png> <../Images/mean3.png> <../Image
s/mean4.png>]
<../Images/btcusd_hist.png, id=54, 702.625pt x 301.125pt>
File: ../Images/btcusd_hist.png Graphic file (type png)
<use ../Images/btcusd_hist.png>
Package pdftex.def Info: ../Images/btcusd_hist.png  used on input line 286.
(pdftex.def)             Requested size: 170.71335pt x 93.89456pt.
<../Images/btcusdt_hist.png, id=55, 702.625pt x 301.125pt>
File: ../Images/btcusdt_hist.png Graphic file (type png)
<use ../Images/btcusdt_hist.png>
Package pdftex.def Info: ../Images/btcusdt_hist.png  used on input line 287.
(pdftex.def)             Requested size: 170.71335pt x 93.89456pt.
<../Images/pre1.png, id=56, 803.0pt x 150.5625pt>
File: ../Images/pre1.png Graphic file (type png)
<use ../Images/pre1.png>
Package pdftex.def Info: ../Images/pre1.png  used on input line 319.
(pdftex.def)             Requested size: 341.4359pt x 76.8249pt.
<../Images/pre2.png, id=57, 803.0pt x 150.5625pt>
File: ../Images/pre2.png Graphic file (type png)
<use ../Images/pre2.png>
Package pdftex.def Info: ../Images/pre2.png  used on input line 320.
(pdftex.def)             Requested size: 341.4359pt x 76.8249pt.
<../Images/pre3.png, id=58, 803.0pt x 150.5625pt>
File: ../Images/pre3.png Graphic file (type png)
<use ../Images/pre3.png>
Package pdftex.def Info: ../Images/pre3.png  used on input line 321.
(pdftex.def)             Requested size: 341.4359pt x 76.8249pt.
<../Images/pre4.png, id=59, 803.0pt x 150.5625pt>
File: ../Images/pre4.png Graphic file (type png)
<use ../Images/pre4.png>
Package pdftex.def Info: ../Images/pre4.png  used on input line 322.
(pdftex.def)             Requested size: 341.4359pt x 76.8249pt.
<../Images/pre5.png, id=60, 803.0pt x 150.5625pt>
File: ../Images/pre5.png Graphic file (type png)
<use ../Images/pre5.png>
Package pdftex.def Info: ../Images/pre5.png  used on input line 323.
(pdftex.def)             Requested size: 341.4359pt x 76.8249pt.
 [6 <../Images/ret_trades_1.png> <../Images/ratio_ret_trades.png> <../Images/pr
ice_retail.png> <../Images/btcusd_hist.png> <../Images/btcusdt_hist.png>]
<../Images/cov1.png, id=69, 1204.5pt x 301.125pt>
File: ../Images/cov1.png Graphic file (type png)
<use ../Images/cov1.png>
Package pdftex.def Info: ../Images/cov1.png  used on input line 335.
(pdftex.def)             Requested size: 341.42978pt x 85.35744pt.
<../Images/cov2.png, id=70, 1204.5pt x 301.125pt>
File: ../Images/cov2.png Graphic file (type png)
<use ../Images/cov2.png>
Package pdftex.def Info: ../Images/cov2.png  used on input line 336.
(pdftex.def)             Requested size: 341.42978pt x 85.35744pt.


LaTeX Warning: Citation `kendall' on page 7 undefined on input line 341.

[7 <../Images/pre1.png> <../Images/pre2.png> <../Images/pre3.png> <../Images/pr
e4.png> <../Images/pre5.png> <../Images/cov1.png> <../Images/cov2.png>]
<../Images/kde1.png, id=82, 401.5pt x 301.125pt>
File: ../Images/kde1.png Graphic file (type png)
<use ../Images/kde1.png>
Package pdftex.def Info: ../Images/kde1.png  used on input line 346.
(pdftex.def)             Requested size: 113.80992pt x 71.13196pt.
<../Images/kde2.png, id=83, 401.5pt x 301.125pt>
File: ../Images/kde2.png Graphic file (type png)
<use ../Images/kde2.png>
Package pdftex.def Info: ../Images/kde2.png  used on input line 347.
(pdftex.def)             Requested size: 113.80992pt x 71.13196pt.
<../Images/kde3.png, id=84, 401.5pt x 301.125pt>
File: ../Images/kde3.png Graphic file (type png)
<use ../Images/kde3.png>
Package pdftex.def Info: ../Images/kde3.png  used on input line 348.
(pdftex.def)             Requested size: 113.80992pt x 71.13196pt.
<../Images/kde4.png, id=85, 401.5pt x 301.125pt>
File: ../Images/kde4.png Graphic file (type png)
<use ../Images/kde4.png>
Package pdftex.def Info: ../Images/kde4.png  used on input line 349.
(pdftex.def)             Requested size: 113.80992pt x 71.13196pt.
<../Images/kde5.png, id=86, 401.5pt x 301.125pt>
File: ../Images/kde5.png Graphic file (type png)
<use ../Images/kde5.png>
Package pdftex.def Info: ../Images/kde5.png  used on input line 350.
(pdftex.def)             Requested size: 113.80992pt x 71.13196pt.
<../Images/kendal4.png, id=87, 1204.5pt x 301.125pt>
File: ../Images/kendal4.png Graphic file (type png)
<use ../Images/kendal4.png>
Package pdftex.def Info: ../Images/kendal4.png  used on input line 372.
(pdftex.def)             Requested size: 341.42978pt x 91.05038pt.
<../Images/kendal3.png, id=88, 1204.5pt x 301.125pt>
File: ../Images/kendal3.png Graphic file (type png)
<use ../Images/kendal3.png>
Package pdftex.def Info: ../Images/kendal3.png  used on input line 373.
(pdftex.def)             Requested size: 341.42978pt x 91.05038pt.
<../Images/kendal1.png, id=89, 1204.5pt x 301.125pt>
File: ../Images/kendal1.png Graphic file (type png)
<use ../Images/kendal1.png>
Package pdftex.def Info: ../Images/kendal1.png  used on input line 374.
(pdftex.def)             Requested size: 341.42978pt x 91.05038pt.
<../Images/kendal2.png, id=90, 1204.5pt x 301.125pt>
File: ../Images/kendal2.png Graphic file (type png)
<use ../Images/kendal2.png>
Package pdftex.def Info: ../Images/kendal2.png  used on input line 375.
(pdftex.def)             Requested size: 341.42978pt x 91.05038pt.

Underfull \vbox (badness 10000) has occurred while \output is active []

 [8 <../Images/kde1.png> <../Images/kde2.png> <../Images/kde3.png> <../Images/k
de4.png> <../Images/kde5.png>]
<../Images/No_of_trades_all2.png, id=102, 1204.5pt x 301.125pt>
File: ../Images/No_of_trades_all2.png Graphic file (type png)
<use ../Images/No_of_trades_all2.png>
Package pdftex.def Info: ../Images/No_of_trades_all2.png  used on input line 38
8.
(pdftex.def)             Requested size: 341.42978pt x 79.66908pt.
<../Images/No_of_trades_all1.png, id=103, 1204.5pt x 301.125pt>
File: ../Images/No_of_trades_all1.png Graphic file (type png)
<use ../Images/No_of_trades_all1.png>
Package pdftex.def Info: ../Images/No_of_trades_all1.png  used on input line 38
9.
(pdftex.def)             Requested size: 341.42978pt x 79.66908pt.

Underfull \vbox (badness 10000) has occurred while \output is active []

 [9 <../Images/kendal4.png> <../Images/kendal3.png> <../Images/kendal1.png> <..
/Images/kendal2.png>]
<../Images/nosell1.png, id=111, 1204.5pt x 301.125pt>
File: ../Images/nosell1.png Graphic file (type png)
<use ../Images/nosell1.png>
Package pdftex.def Info: ../Images/nosell1.png  used on input line 398.
(pdftex.def)             Requested size: 341.42978pt x 79.66908pt.
<../Images/nosell2.png, id=112, 1204.5pt x 301.125pt>
File: ../Images/nosell2.png Graphic file (type png)
<use ../Images/nosell2.png>
Package pdftex.def Info: ../Images/nosell2.png  used on input line 399.
(pdftex.def)             Requested size: 341.42978pt x 79.66908pt.
<../Images/buy-sell.png, id=113, 1204.5pt x 301.125pt>
File: ../Images/buy-sell.png Graphic file (type png)
<use ../Images/buy-sell.png>
Package pdftex.def Info: ../Images/buy-sell.png  used on input line 414.
(pdftex.def)             Requested size: 341.42978pt x 79.66908pt.
<../Images/cumdif.png, id=114, 1204.5pt x 301.125pt>
File: ../Images/cumdif.png Graphic file (type png)
<use ../Images/cumdif.png>
Package pdftex.def Info: ../Images/cumdif.png  used on input line 415.
(pdftex.def)             Requested size: 341.42978pt x 79.66908pt.
 [10 <../Images/No_of_trades_all2.png> <../Images/No_of_trades_all1.png> <../Im
ages/nosell1.png> <../Images/nosell2.png>]
LaTeX Font Info:    Font shape `OT1/ptm/bx/n' in size <8> not available
(Font)              Font shape `OT1/ptm/b/n' tried instead on input line 442.
LaTeX Font Info:    Font shape `OT1/ptm/bx/n' in size <5> not available
(Font)              Font shape `OT1/ptm/b/n' tried instead on input line 442.

Overfull \vbox (1.29303pt too high) has occurred while \output is active []


[11 <../Images/buy-sell.png> <../Images/cumdif.png>]
<figure/FMANU_MD_05_1107_11.png, id=128, 1204.5pt x 301.125pt>
File: figure/FMANU_MD_05_1107_11.png Graphic file (type png)
<use figure/FMANU_MD_05_1107_11.png>
Package pdftex.def Info: figure/FMANU_MD_05_1107_11.png  used on input line 489
.
(pdftex.def)             Requested size: 241.38153pt x 60.34338pt.
<figure/FMANU_MD_05_1272_5.png, id=129, 1204.5pt x 301.125pt>
File: figure/FMANU_MD_05_1272_5.png Graphic file (type png)
<use figure/FMANU_MD_05_1272_5.png>
Package pdftex.def Info: figure/FMANU_MD_05_1272_5.png  used on input line 510.

(pdftex.def)             Requested size: 241.38153pt x 60.34338pt.
LaTeX Font Info:    Trying to load font information for TS1+ptm on input line 5
19.

(/usr/share/texlive/texmf-dist/tex/latex/psnfss/ts1ptm.fd
File: ts1ptm.fd 2001/06/04 font definitions for TS1/ptm.
)
<figure/FMANU_MD_04_1274_13.png, id=130, 1204.5pt x 301.125pt>
File: figure/FMANU_MD_04_1274_13.png Graphic file (type png)
<use figure/FMANU_MD_04_1274_13.png>
Package pdftex.def Info: figure/FMANU_MD_04_1274_13.png  used on input line 527
.
(pdftex.def)             Requested size: 234.87749pt x 58.71683pt.
File: figure/FMANU_MD_04_1274_13.png Graphic file (type png)
<use figure/FMANU_MD_04_1274_13.png>
Package pdftex.def Info: figure/FMANU_MD_04_1274_13.png  used on input line 536
.
(pdftex.def)             Requested size: 495.04993pt x 123.76529pt.
 [12 <./figure/FMANU_MD_05_1107_11.png> <./figure/FMANU_MD_05_1272_5.png>]
LaTeX Font Info:    Trying to load font information for OT1+pcr on input line 5
89.

(/usr/share/texlive/texmf-dist/tex/latex/psnfss/ot1pcr.fd
File: ot1pcr.fd 2001/06/04 font definitions for OT1/pcr.
) [13 <./figure/FMANU_MD_04_1274_13.png>] (./asme2ejs.bbl [14]) [15] (./asme2ej
s.aux)

LaTeX Warning: There were undefined references.

 ) 
Here is how much of TeX's memory you used:
 3111 strings out of 481239
 42133 string characters out of 5920378
 273140 words of memory out of 5000000
 18272 multiletter control sequences out of 15000+600000
 576203 words of font info for 108 fonts, out of 8000000 for 9000
 1141 hyphenation exceptions out of 8191
 30i,10n,27p,1166b,298s stack positions out of 5000i,500n,10000p,200000b,80000s
{/usr/share/texlive/texmf-dist/fonts/enc/dvips/base/8r.enc}</usr/share/texliv
e/texmf-dist/fonts/type1/public/amsfonts/cm/cmex10.pfb></usr/share/texlive/texm
f-dist/fonts/type1/public/amsfonts/cmextra/cmex9.pfb></usr/share/texlive/texmf-
dist/fonts/type1/public/amsfonts/cm/cmmi10.pfb></usr/share/texlive/texmf-dist/f
onts/type1/public/amsfonts/cm/cmr10.pfb></usr/share/texlive/texmf-dist/fonts/ty
pe1/public/amsfonts/cm/cmsy10.pfb></usr/share/texlive/texmf-dist/fonts/type1/ur
w/courier/ucrr8a.pfb></usr/share/texlive/texmf-dist/fonts/type1/urw/helvetic/uh
vb8a.pfb></usr/share/texlive/texmf-dist/fonts/type1/urw/helvetic/uhvr8a.pfb></u
sr/share/texlive/texmf-dist/fonts/type1/urw/symbol/usyr.pfb></usr/share/texlive
/texmf-dist/fonts/type1/urw/times/utmb8a.pfb></usr/share/texlive/texmf-dist/fon
ts/type1/urw/times/utmbi8a.pfb></usr/share/texlive/texmf-dist/fonts/type1/urw/t
imes/utmr8a.pfb></usr/share/texlive/texmf-dist/fonts/type1/urw/times/utmri8a.pf
b>
Output written on asme2ejs.pdf (15 pages, 1325015 bytes).
PDF statistics:
 191 PDF objects out of 1000 (max. 8388607)
 76 compressed objects within 1 object stream
 0 named destinations out of 1000 (max. 500000)
 211 words of extra memory for PDF output out of 10000 (max. 10000000)

