This is pdfTeX, Version 3.14159265-2.6-1.40.20 (TeX Live 2019/Debian) (preloaded format=pdflatex 2021.3.6)  20 DEC 2021 21:21
entering extended mode
 restricted \write18 enabled.
 %&-line parsing enabled.
**Abstract.tex
(./Abstract.tex
LaTeX2e <2020-02-02> patch level 2
L3 programming layer <2020-02-14>

! LaTeX Error: Missing \begin{document}.

See the LaTeX manual or LaTeX Companion for explanation.
Type  H <return>  for immediate help.
 ...                                              
                                                  
l.2 \begin{center}
                  
You're in trouble here.  Try typing  <return>  to proceed.
If that doesn't work, type  X <return>  to quit.


Overfull \hbox (20.0pt too wide) in paragraph at lines 2--2
[] 
 []

! Undefined control sequence.
l.3     \Large
              
The control sequence at the end of the top line
of your error message was never \def'ed. If you have
misspelled it (e.g., `\hobx'), type `I' and the correct
spelling (e.g., `I\hbox'). Otherwise just continue,
and I'll forget about whatever was undefined.


Overfull \hbox (24.3332pt too wide) in paragraph at lines 4--5
 \OT1/cmr/bx/n/10 High 
 []


Overfull \hbox (20.11797pt too wide) in paragraph at lines 4--5
 \OT1/cmr/bx/n/10 Fre- 
 []


Overfull \hbox (35.29843pt too wide) in paragraph at lines 4--5
 \OT1/cmr/bx/n/10 quency 
 []


Overfull \hbox (24.59705pt too wide) in paragraph at lines 4--5
 \OT1/cmr/bx/n/10 anal- 
 []


Overfull \hbox (9.90273pt too wide) in paragraph at lines 4--5
 \OT1/cmr/bx/n/10 y- 
 []


Overfull \hbox (12.26657pt too wide) in paragraph at lines 4--5
 \OT1/cmr/bx/n/10 sis 
 []

! Undefined control sequence.
l.7     \large
              
The control sequence at the end of the top line
of your error message was never \def'ed. If you have
misspelled it (e.g., `\hobx'), type `I' and the correct
spelling (e.g., `I\hbox'). Otherwise just continue,
and I'll forget about whatever was undefined.

Missing character: There is no B in font nullfont!
Missing character: There is no T in font nullfont!
Missing character: There is no C in font nullfont!
Missing character: There is no U in font nullfont!
Missing character: There is no S in font nullfont!
Missing character: There is no D in font nullfont!

Overfull \hbox (56.29967pt too wide) in paragraph at lines 11--12
 []\OT1/cmr/bx/n/10 Tilemachos 
 []


Overfull \hbox (23.1332pt too wide) in paragraph at lines 11--12
 \OT1/cmr/bx/n/10 Kos- 
 []


Overfull \hbox (23.1596pt too wide) in paragraph at lines 11--12
 \OT1/cmr/bx/n/10 met- 
 []


Overfull \hbox (14.66237pt too wide) in paragraph at lines 11--12
 \OT1/cmr/bx/n/10 sas 
 []


Overfull \hbox (8.9444pt too wide) in paragraph at lines 11--12
 \OT1/cmr/bx/n/10 & 
 []


Overfull \hbox (30.99428pt too wide) in paragraph at lines 11--12
 \OT1/cmr/bx/n/10 Chris- 
 []


Overfull \hbox (14.75824pt too wide) in paragraph at lines 11--12
 \OT1/cmr/bx/n/10 tos 
 []


Overfull \hbox (41.66087pt too wide) in paragraph at lines 11--12
 \OT1/cmr/bx/n/10 Koutkos 
 []


Overfull \hbox (44.00113pt too wide) in paragraph at lines 14--15
 []\OT1/cmr/bx/n/10 Abstract 
 []

)
! Emergency stop.
<*> Abstract.tex
                
*** (job aborted, no legal \end found)

 
Here is how much of TeX's memory you used:
 19 strings out of 481239
 418 string characters out of 5920378
 236564 words of memory out of 5000000
 15386 multiletter control sequences out of 15000+600000
 532646 words of font info for 25 fonts, out of 8000000 for 9000
 1141 hyphenation exceptions out of 8191
 13i,1n,15p,84b,104s stack positions out of 5000i,500n,10000p,200000b,80000s
!  ==> Fatal error occurred, no output PDF file produced!
