This is pdfTeX, Version 3.14159265-2.6-1.40.20 (TeX Live 2019/Debian) (preloaded format=pdflatex 2021.3.6)  25 JAN 2022 21:11
entering extended mode
 restricted \write18 enabled.
 %&-line parsing enabled.
**Thesis.tex
(./Thesis.tex
LaTeX2e <2020-02-02> patch level 2
L3 programming layer <2020-02-14>
(/usr/share/texlive/texmf-dist/tex/latex/base/report.cls
Document Class: report 2019/12/20 v1.4l Standard LaTeX document class
(/usr/share/texlive/texmf-dist/tex/latex/base/size12.clo
File: size12.clo 2019/12/20 v1.4l Standard LaTeX file (size option)
)
\c@part=\count167
\c@chapter=\count168
\c@section=\count169
\c@subsection=\count170
\c@subsubsection=\count171
\c@paragraph=\count172
\c@subparagraph=\count173
\c@figure=\count174
\c@table=\count175
\abovecaptionskip=\skip47
\belowcaptionskip=\skip48
\bibindent=\dimen134
)
(/usr/share/texlive/texmf-dist/tex/latex/base/inputenc.sty
Package: inputenc 2018/08/11 v1.3c Input encoding file
\inpenc@prehook=\toks14
\inpenc@posthook=\toks15
)
(/usr/share/texlive/texmf-dist/tex/latex/graphics/graphicx.sty
Package: graphicx 2019/11/30 v1.2a Enhanced LaTeX Graphics (DPC,SPQR)

(/usr/share/texlive/texmf-dist/tex/latex/graphics/keyval.sty
Package: keyval 2014/10/28 v1.15 key=value parser (DPC)
\KV@toks@=\toks16
)
(/usr/share/texlive/texmf-dist/tex/latex/graphics/graphics.sty
Package: graphics 2019/11/30 v1.4a Standard LaTeX Graphics (DPC,SPQR)

(/usr/share/texlive/texmf-dist/tex/latex/graphics/trig.sty
Package: trig 2016/01/03 v1.10 sin cos tan (DPC)
)
(/usr/share/texlive/texmf-dist/tex/latex/graphics-cfg/graphics.cfg
File: graphics.cfg 2016/06/04 v1.11 sample graphics configuration
)
Package graphics Info: Driver file: pdftex.def on input line 105.

(/usr/share/texlive/texmf-dist/tex/latex/graphics-def/pdftex.def
File: pdftex.def 2018/01/08 v1.0l Graphics/color driver for pdftex
))
\Gin@req@height=\dimen135
\Gin@req@width=\dimen136
)
(/usr/share/texlive/texmf-dist/tex/latex/amsfonts/amsfonts.sty
Package: amsfonts 2013/01/14 v3.01 Basic AMSFonts support
\@emptytoks=\toks17
\symAMSa=\mathgroup4
\symAMSb=\mathgroup5
LaTeX Font Info:    Redeclaring math symbol \hbar on input line 98.
LaTeX Font Info:    Overwriting math alphabet `\mathfrak' in version `bold'
(Font)                  U/euf/m/n --> U/euf/b/n on input line 106.
)
(/usr/share/texlive/texmf-dist/tex/latex/amsmath/amsmath.sty
Package: amsmath 2020/01/20 v2.17e AMS math features
\@mathmargin=\skip49

For additional information on amsmath, use the `?' option.
(/usr/share/texlive/texmf-dist/tex/latex/amsmath/amstext.sty
Package: amstext 2000/06/29 v2.01 AMS text

(/usr/share/texlive/texmf-dist/tex/latex/amsmath/amsgen.sty
File: amsgen.sty 1999/11/30 v2.0 generic functions
\@emptytoks=\toks18
\ex@=\dimen137
))
(/usr/share/texlive/texmf-dist/tex/latex/amsmath/amsbsy.sty
Package: amsbsy 1999/11/29 v1.2d Bold Symbols
\pmbraise@=\dimen138
)
(/usr/share/texlive/texmf-dist/tex/latex/amsmath/amsopn.sty
Package: amsopn 2016/03/08 v2.02 operator names
)
\inf@bad=\count176
LaTeX Info: Redefining \frac on input line 227.
\uproot@=\count177
\leftroot@=\count178
LaTeX Info: Redefining \overline on input line 389.
\classnum@=\count179
\DOTSCASE@=\count180
LaTeX Info: Redefining \ldots on input line 486.
LaTeX Info: Redefining \dots on input line 489.
LaTeX Info: Redefining \cdots on input line 610.
\Mathstrutbox@=\box45
\strutbox@=\box46
\big@size=\dimen139
LaTeX Font Info:    Redeclaring font encoding OML on input line 733.
LaTeX Font Info:    Redeclaring font encoding OMS on input line 734.
\macc@depth=\count181
\c@MaxMatrixCols=\count182
\dotsspace@=\muskip16
\c@parentequation=\count183
\dspbrk@lvl=\count184
\tag@help=\toks19
\row@=\count185
\column@=\count186
\maxfields@=\count187
\andhelp@=\toks20
\eqnshift@=\dimen140
\alignsep@=\dimen141
\tagshift@=\dimen142
\tagwidth@=\dimen143
\totwidth@=\dimen144
\lineht@=\dimen145
\@envbody=\toks21
\multlinegap=\skip50
\multlinetaggap=\skip51
\mathdisplay@stack=\toks22
LaTeX Info: Redefining \[ on input line 2859.
LaTeX Info: Redefining \] on input line 2860.
)
(/usr/share/texlive/texmf-dist/tex/latex/amsfonts/amssymb.sty
Package: amssymb 2013/01/14 v3.01 AMS font symbols
)
(/usr/share/texlive/texmf-dist/tex/latex/listings/listings.sty
\lst@mode=\count188
\lst@gtempboxa=\box47
\lst@token=\toks23
\lst@length=\count189
\lst@currlwidth=\dimen146
\lst@column=\count190
\lst@pos=\count191
\lst@lostspace=\dimen147
\lst@width=\dimen148
\lst@newlines=\count192
\lst@lineno=\count193
\lst@maxwidth=\dimen149

(/usr/share/texlive/texmf-dist/tex/latex/listings/lstmisc.sty
File: lstmisc.sty 2019/09/10 1.8c (Carsten Heinz)
\c@lstnumber=\count194
\lst@skipnumbers=\count195
\lst@framebox=\box48
)
(/usr/share/texlive/texmf-dist/tex/latex/listings/listings.cfg
File: listings.cfg 2019/09/10 1.8c listings configuration
))
Package: listings 2019/09/10 1.8c (Carsten Heinz)

(/usr/share/texlive/texmf-dist/tex/latex/caption/caption.sty
Package: caption 2020/01/03 v3.4h Customizing captions (AR)

(/usr/share/texlive/texmf-dist/tex/latex/caption/caption3.sty
Package: caption3 2020/01/03 v1.8h caption3 kernel (AR)
Package caption3 Info: TeX engine: e-TeX on input line 61.
\captionmargin=\dimen150
\captionmargin@=\dimen151
\captionwidth=\dimen152
\caption@tempdima=\dimen153
\caption@indent=\dimen154
\caption@parindent=\dimen155
\caption@hangindent=\dimen156
Package caption Info: Standard document class detected.
)
\c@caption@flags=\count196
\c@continuedfloat=\count197
Package caption Info: listings package is loaded.
)
(/usr/share/texlive/texmf-dist/tex/latex/caption/subcaption.sty
Package: subcaption 2020/01/22 v1.3d Sub-captions (AR)
\c@subfigure=\count198
\c@subtable=\count199
)
(/usr/share/texlive/texmf-dist/tex/latex/csquotes/csquotes.sty
Package: csquotes 2019-12-06 v5.2j context-sensitive quotations (JAW)

(/usr/share/texlive/texmf-dist/tex/latex/etoolbox/etoolbox.sty
Package: etoolbox 2019/09/21 v2.5h e-TeX tools for LaTeX (JAW)
\etb@tempcnta=\count266
)
\csq@reset=\count267
\csq@gtype=\count268
\csq@glevel=\count269
\csq@qlevel=\count270
\csq@maxlvl=\count271
\csq@tshold=\count272
\csq@ltx@everypar=\toks24

(/usr/share/texlive/texmf-dist/tex/latex/csquotes/csquotes.def
File: csquotes.def 2019-12-06 v5.2j csquotes generic definitions (JAW)
)
Package csquotes Info: Trying to load configuration file 'csquotes.cfg'...
Package csquotes Info: ... configuration file loaded successfully.

(/usr/share/texlive/texmf-dist/tex/latex/csquotes/csquotes.cfg
File: csquotes.cfg 
))
(/usr/share/texlive/texmf-dist/tex/latex/base/fontenc.sty
Package: fontenc 2020/02/11 v2.0o Standard LaTeX package
)
(/usr/share/texlive/texmf-dist/tex/generic/babel/babel.sty
Package: babel 2020/02/14 3.40 The Babel package

(/usr/share/texlive/texmf-dist/tex/generic/babel/switch.def
File: switch.def 2020/02/14 3.40 Babel switching mechanism
)
(/usr/share/texlive/texmf-dist/tex/generic/babel-english/american.ldf
Language: american 2017/06/06 v3.3r English support from the babel system

(/usr/share/texlive/texmf-dist/tex/generic/babel-english/english.ldf
Language: english 2017/06/06 v3.3r English support from the babel system

(/usr/share/texlive/texmf-dist/tex/generic/babel/babel.def
File: babel.def 2020/02/14 3.40 Babel common definitions
\babel@savecnt=\count273
\U@D=\dimen157

(/usr/share/texlive/texmf-dist/tex/generic/babel/txtbabel.def)
\bbl@readstream=\read2
\bbl@dirlevel=\count274
)
Package babel Info: \l@canadian = using hyphenrules for english
(babel)             (\language0) on input line 102.
Package babel Info: \l@australian = using hyphenrules for ukenglish
(babel)             (\language77) on input line 105.
Package babel Info: \l@newzealand = using hyphenrules for ukenglish
(babel)             (\language77) on input line 108.
)))
(/usr/share/texlive/texmf-dist/tex/latex/biblatex/biblatex.sty
Package: biblatex 2019/12/01 v3.14 programmable bibliographies (PK/MW)

(/usr/share/texlive/texmf-dist/tex/latex/pdftexcmds/pdftexcmds.sty
Package: pdftexcmds 2019/11/24 v0.31 Utility functions of pdfTeX for LuaTeX (HO
)

(/usr/share/texlive/texmf-dist/tex/generic/infwarerr/infwarerr.sty
Package: infwarerr 2019/12/03 v1.5 Providing info/warning/error messages (HO)
)
(/usr/share/texlive/texmf-dist/tex/generic/iftex/iftex.sty
Package: iftex 2019/11/07 v1.0c TeX engine tests
)
(/usr/share/texlive/texmf-dist/tex/generic/ltxcmds/ltxcmds.sty
Package: ltxcmds 2019/12/15 v1.24 LaTeX kernel commands for general use (HO)
)
Package pdftexcmds Info: \pdf@primitive is available.
Package pdftexcmds Info: \pdf@ifprimitive is available.
Package pdftexcmds Info: \pdfdraftmode found.
)
(/usr/share/texlive/texmf-dist/tex/latex/kvoptions/kvoptions.sty
Package: kvoptions 2019/11/29 v3.13 Key value format for package options (HO)

(/usr/share/texlive/texmf-dist/tex/generic/kvsetkeys/kvsetkeys.sty
Package: kvsetkeys 2019/12/15 v1.18 Key value parser (HO)
))
(/usr/share/texlive/texmf-dist/tex/latex/logreq/logreq.sty
Package: logreq 2010/08/04 v1.0 xml request logger
\lrq@indent=\count275

(/usr/share/texlive/texmf-dist/tex/latex/logreq/logreq.def
File: logreq.def 2010/08/04 v1.0 logreq spec v1.0
))
(/usr/share/texlive/texmf-dist/tex/latex/base/ifthen.sty
Package: ifthen 2014/09/29 v1.1c Standard LaTeX ifthen package (DPC)
)
(/usr/share/texlive/texmf-dist/tex/latex/url/url.sty
\Urlmuskip=\muskip17
Package: url 2013/09/16  ver 3.4  Verb mode for urls, etc.
)
\c@tabx@nest=\count276
\c@listtotal=\count277
\c@listcount=\count278
\c@liststart=\count279
\c@liststop=\count280
\c@citecount=\count281
\c@citetotal=\count282
\c@multicitecount=\count283
\c@multicitetotal=\count284
\c@instcount=\count285
\c@maxnames=\count286
\c@minnames=\count287
\c@maxitems=\count288
\c@minitems=\count289
\c@citecounter=\count290
\c@maxcitecounter=\count291
\c@savedcitecounter=\count292
\c@uniquelist=\count293
\c@uniquename=\count294
\c@refsection=\count295
\c@refsegment=\count296
\c@maxextratitle=\count297
\c@maxextratitleyear=\count298
\c@maxextraname=\count299
\c@maxextradate=\count300
\c@maxextraalpha=\count301
\c@abbrvpenalty=\count302
\c@highnamepenalty=\count303
\c@lownamepenalty=\count304
\c@maxparens=\count305
\c@parenlevel=\count306
\blx@tempcnta=\count307
\blx@tempcntb=\count308
\blx@tempcntc=\count309
\blx@maxsection=\count310
\blx@maxsegment@0=\count311
\blx@notetype=\count312
\blx@parenlevel@text=\count313
\blx@parenlevel@foot=\count314
\blx@sectionciteorder@0=\count315
\blx@entrysetcounter=\count316
\labelnumberwidth=\skip52
\labelalphawidth=\skip53
\biblabelsep=\skip54
\bibitemsep=\skip55
\bibnamesep=\skip56
\bibinitsep=\skip57
\bibparsep=\skip58
\bibhang=\skip59
\blx@bcfin=\read3
\blx@bcfout=\write3
\blx@langwohyphens=\language85
\c@mincomprange=\count317
\c@maxcomprange=\count318
\c@mincompwidth=\count319
Package biblatex Info: Trying to load biblatex default data model...
Package biblatex Info: ... file 'blx-dm.def' found.

(/usr/share/texlive/texmf-dist/tex/latex/biblatex/blx-dm.def
File: blx-dm.def 2019/12/01 v3.14 biblatex localization (PK/MW)
)
Package biblatex Info: Trying to load biblatex custom data model...
Package biblatex Info: ... file 'biblatex-dm.cfg' not found.
\c@afterword=\count320
\c@savedafterword=\count321
\c@annotator=\count322
\c@savedannotator=\count323
\c@author=\count324
\c@savedauthor=\count325
\c@bookauthor=\count326
\c@savedbookauthor=\count327
\c@commentator=\count328
\c@savedcommentator=\count329
\c@editor=\count330
\c@savededitor=\count331
\c@editora=\count332
\c@savededitora=\count333
\c@editorb=\count334
\c@savededitorb=\count335
\c@editorc=\count336
\c@savededitorc=\count337
\c@foreword=\count338
\c@savedforeword=\count339
\c@holder=\count340
\c@savedholder=\count341
\c@introduction=\count342
\c@savedintroduction=\count343
\c@namea=\count344
\c@savednamea=\count345
\c@nameb=\count346
\c@savednameb=\count347
\c@namec=\count348
\c@savednamec=\count349
\c@translator=\count350
\c@savedtranslator=\count351
\c@shortauthor=\count352
\c@savedshortauthor=\count353
\c@shorteditor=\count354
\c@savedshorteditor=\count355
\c@labelname=\count356
\c@savedlabelname=\count357
\c@institution=\count358
\c@savedinstitution=\count359
\c@lista=\count360
\c@savedlista=\count361
\c@listb=\count362
\c@savedlistb=\count363
\c@listc=\count364
\c@savedlistc=\count365
\c@listd=\count366
\c@savedlistd=\count367
\c@liste=\count368
\c@savedliste=\count369
\c@listf=\count370
\c@savedlistf=\count371
\c@location=\count372
\c@savedlocation=\count373
\c@organization=\count374
\c@savedorganization=\count375
\c@origlocation=\count376
\c@savedoriglocation=\count377
\c@origpublisher=\count378
\c@savedorigpublisher=\count379
\c@publisher=\count380
\c@savedpublisher=\count381
\c@language=\count382
\c@savedlanguage=\count383
\c@origlanguage=\count384
\c@savedoriglanguage=\count385
\c@pageref=\count386
\c@savedpageref=\count387
\shorthandwidth=\skip60
\shortjournalwidth=\skip61
\shortserieswidth=\skip62
\shorttitlewidth=\skip63
\shortauthorwidth=\skip64
\shorteditorwidth=\skip65
\locallabelnumberwidth=\skip66
\locallabelalphawidth=\skip67
\localshorthandwidth=\skip68
\localshortjournalwidth=\skip69
\localshortserieswidth=\skip70
\localshorttitlewidth=\skip71
\localshortauthorwidth=\skip72
\localshorteditorwidth=\skip73
Package biblatex Info: Trying to load compatibility code...
Package biblatex Info: ... file 'blx-compat.def' found.

(/usr/share/texlive/texmf-dist/tex/latex/biblatex/blx-compat.def
File: blx-compat.def 2019/12/01 v3.14 biblatex compatibility (PK/MW)
)
Package biblatex Info: Trying to load generic definitions...
Package biblatex Info: ... file 'biblatex.def' found.

(/usr/share/texlive/texmf-dist/tex/latex/biblatex/biblatex.def
File: biblatex.def 2019/12/01 v3.14 biblatex compatibility (PK/MW)
\c@textcitecount=\count388
\c@textcitetotal=\count389
\c@textcitemaxnames=\count390
\c@biburlbigbreakpenalty=\count391
\c@biburlbreakpenalty=\count392
\c@biburlnumpenalty=\count393
\c@biburlucpenalty=\count394
\c@biburllcpenalty=\count395
\biburlbigskip=\muskip18
\biburlnumskip=\muskip19
\biburlucskip=\muskip20
\biburllcskip=\muskip21
\c@smartand=\count396
)
Package biblatex Info: Trying to load bibliography style 'numeric'...
Package biblatex Info: ... file 'numeric.bbx' found.

(/usr/share/texlive/texmf-dist/tex/latex/biblatex/bbx/numeric.bbx
File: numeric.bbx 2019/12/01 v3.14 biblatex bibliography style (PK/MW)
Package biblatex Info: Trying to load bibliography style 'standard'...
Package biblatex Info: ... file 'standard.bbx' found.

(/usr/share/texlive/texmf-dist/tex/latex/biblatex/bbx/standard.bbx
File: standard.bbx 2019/12/01 v3.14 biblatex bibliography style (PK/MW)
\c@bbx:relatedcount=\count397
\c@bbx:relatedtotal=\count398
))
Package biblatex Info: Trying to load citation style 'numeric'...
Package biblatex Info: ... file 'numeric.cbx' found.

(/usr/share/texlive/texmf-dist/tex/latex/biblatex/cbx/numeric.cbx
File: numeric.cbx 2019/12/01 v3.14 biblatex citation style (PK/MW)
Package biblatex Info: Redefining '\cite'.
Package biblatex Info: Redefining '\parencite'.
Package biblatex Info: Redefining '\footcite'.
Package biblatex Info: Redefining '\footcitetext'.
Package biblatex Info: Redefining '\smartcite'.
Package biblatex Info: Redefining '\supercite'.
Package biblatex Info: Redefining '\textcite'.
Package biblatex Info: Redefining '\textcites'.
Package biblatex Info: Redefining '\cites'.
Package biblatex Info: Redefining '\parencites'.
Package biblatex Info: Redefining '\smartcites'.
)
Package biblatex Info: Trying to load configuration file...
Package biblatex Info: ... file 'biblatex.cfg' found.

(/usr/share/texlive/texmf-dist/tex/latex/biblatex/biblatex.cfg
File: biblatex.cfg 
))
(/usr/share/texlive/texmf-dist/tex/latex/float/float.sty
Package: float 2001/11/08 v1.3d Float enhancements (AL)
\c@float@type=\count399
\float@exts=\toks25
\float@box=\box49
\@float@everytoks=\toks26
\@floatcapt=\box50
)
(/usr/share/texlive/texmf-dist/tex/latex/fancyhdr/fancyhdr.sty
Package: fancyhdr 2019/01/31 v3.10 Extensive control of page headers and footer
s
\f@nch@headwidth=\skip74
\f@nch@O@elh=\skip75
\f@nch@O@erh=\skip76
\f@nch@O@olh=\skip77
\f@nch@O@orh=\skip78
\f@nch@O@elf=\skip79
\f@nch@O@erf=\skip80
\f@nch@O@olf=\skip81
\f@nch@O@orf=\skip82
)
(/usr/share/texlive/texmf-dist/tex/latex/geometry/geometry.sty
Package: geometry 2020/01/02 v5.9 Page Geometry

(/usr/share/texlive/texmf-dist/tex/generic/iftex/ifvtex.sty
Package: ifvtex 2019/10/25 v1.7 ifvtex legacy package. Use iftex instead.
)
\Gm@cnth=\count400
\Gm@cntv=\count401
\c@Gm@tempcnt=\count402
\Gm@bindingoffset=\dimen158
\Gm@wd@mp=\dimen159
\Gm@odd@mp=\dimen160
\Gm@even@mp=\dimen161
\Gm@layoutwidth=\dimen162
\Gm@layoutheight=\dimen163
\Gm@layouthoffset=\dimen164
\Gm@layoutvoffset=\dimen165
\Gm@dimlist=\toks27
)
(/usr/share/texlive/texmf-dist/tex/latex/hyperref/hyperref.sty
Package: hyperref 2020/01/14 v7.00d Hypertext links for LaTeX

(/usr/share/texlive/texmf-dist/tex/generic/kvdefinekeys/kvdefinekeys.sty
Package: kvdefinekeys 2019-12-19 v1.6 Define keys (HO)
)
(/usr/share/texlive/texmf-dist/tex/generic/pdfescape/pdfescape.sty
Package: pdfescape 2019/12/09 v1.15 Implements pdfTeX's escape features (HO)
)
(/usr/share/texlive/texmf-dist/tex/latex/hycolor/hycolor.sty
Package: hycolor 2020-01-27 v1.10 Color options for hyperref/bookmark (HO)
)
(/usr/share/texlive/texmf-dist/tex/latex/letltxmacro/letltxmacro.sty
Package: letltxmacro 2019/12/03 v1.6 Let assignment for LaTeX macros (HO)
)
(/usr/share/texlive/texmf-dist/tex/latex/auxhook/auxhook.sty
Package: auxhook 2019-12-17 v1.6 Hooks for auxiliary files (HO)
)
\@linkdim=\dimen166
\Hy@linkcounter=\count403
\Hy@pagecounter=\count404

(/usr/share/texlive/texmf-dist/tex/latex/hyperref/pd1enc.def
File: pd1enc.def 2020/01/14 v7.00d Hyperref: PDFDocEncoding definition (HO)
Now handling font encoding PD1 ...
... no UTF-8 mapping file for font encoding PD1
)
(/usr/share/texlive/texmf-dist/tex/generic/intcalc/intcalc.sty
Package: intcalc 2019/12/15 v1.3 Expandable calculations with integers (HO)
)
(/usr/share/texlive/texmf-dist/tex/generic/etexcmds/etexcmds.sty
Package: etexcmds 2019/12/15 v1.7 Avoid name clashes with e-TeX commands (HO)
)
\Hy@SavedSpaceFactor=\count405
\pdfmajorversion=\count406
Package hyperref Info: Hyper figures OFF on input line 4547.
Package hyperref Info: Link nesting OFF on input line 4552.
Package hyperref Info: Hyper index ON on input line 4555.
Package hyperref Info: Plain pages OFF on input line 4562.
Package hyperref Info: Backreferencing OFF on input line 4567.
Package hyperref Info: Implicit mode ON; LaTeX internals redefined.
Package hyperref Info: Bookmarks ON on input line 4800.
\c@Hy@tempcnt=\count407
LaTeX Info: Redefining \url on input line 5159.
\XeTeXLinkMargin=\dimen167

(/usr/share/texlive/texmf-dist/tex/generic/bitset/bitset.sty
Package: bitset 2019/12/09 v1.3 Handle bit-vector datatype (HO)

(/usr/share/texlive/texmf-dist/tex/generic/bigintcalc/bigintcalc.sty
Package: bigintcalc 2019/12/15 v1.5 Expandable calculations on big integers (HO
)
))
\Fld@menulength=\count408
\Field@Width=\dimen168
\Fld@charsize=\dimen169
Package hyperref Info: Hyper figures OFF on input line 6430.
Package hyperref Info: Link nesting OFF on input line 6435.
Package hyperref Info: Hyper index ON on input line 6438.
Package hyperref Info: backreferencing OFF on input line 6445.
Package hyperref Info: Link coloring OFF on input line 6450.
Package hyperref Info: Link coloring with OCG OFF on input line 6455.
Package hyperref Info: PDF/A mode OFF on input line 6460.
LaTeX Info: Redefining \ref on input line 6500.
LaTeX Info: Redefining \pageref on input line 6504.

(/usr/share/texlive/texmf-dist/tex/generic/atbegshi/atbegshi.sty
Package: atbegshi 2019/12/05 v1.19 At begin shipout hook (HO)
)
\Hy@abspage=\count409
\c@Item=\count410
\c@Hfootnote=\count411
)
Package hyperref Info: Driver (autodetected): hpdftex.

(/usr/share/texlive/texmf-dist/tex/latex/hyperref/hpdftex.def
File: hpdftex.def 2020/01/14 v7.00d Hyperref driver for pdfTeX

(/usr/share/texlive/texmf-dist/tex/latex/atveryend/atveryend.sty
Package: atveryend 2019-12-11 v1.11 Hooks at the very end of document (HO)
)
\Fld@listcount=\count412
\c@bookmark@seq@number=\count413

(/usr/share/texlive/texmf-dist/tex/latex/rerunfilecheck/rerunfilecheck.sty
Package: rerunfilecheck 2019/12/05 v1.9 Rerun checks for auxiliary files (HO)

(/usr/share/texlive/texmf-dist/tex/generic/uniquecounter/uniquecounter.sty
Package: uniquecounter 2019/12/15 v1.4 Provide unlimited unique counter (HO)
)
Package uniquecounter Info: New unique counter `rerunfilecheck' on input line 2
86.
)
\Hy@SectionHShift=\skip83
)
Package csquotes Info: Checking for multilingual support...
Package csquotes Info: ... found 'babel' package.
Package csquotes Info: Adjusting default style.
Package csquotes Info: Redefining alias 'default' -> 'american'.

(/usr/share/texlive/texmf-dist/tex/latex/l3backend/l3backend-pdfmode.def
File: l3backend-pdfmode.def 2020-02-03 L3 backend support: PDF mode
\l__kernel_color_stack_int=\count414
\l__pdf_internal_box=\box51
)
(./Thesis.aux)
\openout1 = `Thesis.aux'.

LaTeX Font Info:    Checking defaults for OML/cmm/m/it on input line 36.
LaTeX Font Info:    ... okay on input line 36.
LaTeX Font Info:    Checking defaults for OMS/cmsy/m/n on input line 36.
LaTeX Font Info:    ... okay on input line 36.
LaTeX Font Info:    Checking defaults for OT1/cmr/m/n on input line 36.
LaTeX Font Info:    ... okay on input line 36.
LaTeX Font Info:    Checking defaults for T1/cmr/m/n on input line 36.
LaTeX Font Info:    ... okay on input line 36.
LaTeX Font Info:    Checking defaults for TS1/cmr/m/n on input line 36.
LaTeX Font Info:    ... okay on input line 36.
LaTeX Font Info:    Checking defaults for OMX/cmex/m/n on input line 36.
LaTeX Font Info:    ... okay on input line 36.
LaTeX Font Info:    Checking defaults for U/cmr/m/n on input line 36.
LaTeX Font Info:    ... okay on input line 36.
LaTeX Font Info:    Checking defaults for PD1/pdf/m/n on input line 36.
LaTeX Font Info:    ... okay on input line 36.

(/usr/share/texlive/texmf-dist/tex/context/base/mkii/supp-pdf.mkii
[Loading MPS to PDF converter (version 2006.09.02).]
\scratchcounter=\count415
\scratchdimen=\dimen170
\scratchbox=\box52
\nofMPsegments=\count416
\nofMParguments=\count417
\everyMPshowfont=\toks28
\MPscratchCnt=\count418
\MPscratchDim=\dimen171
\MPnumerator=\count419
\makeMPintoPDFobject=\count420
\everyMPtoPDFconversion=\toks29
) (/usr/share/texlive/texmf-dist/tex/latex/epstopdf-pkg/epstopdf-base.sty
Package: epstopdf-base 2020-01-24 v2.11 Base part for package epstopdf
Package epstopdf-base Info: Redefining graphics rule for `.eps' on input line 4
85.

(/usr/share/texlive/texmf-dist/tex/latex/latexconfig/epstopdf-sys.cfg
File: epstopdf-sys.cfg 2010/07/13 v1.3 Configuration of (r)epstopdf for TeX Liv
e
))
\c@lstlisting=\count421
Package caption Info: Begin \AtBeginDocument code.
Package caption Info: float package is loaded.
Package caption Info: hyperref package is loaded.
Package caption Info: End \AtBeginDocument code.
Package biblatex Info: Trying to load language 'american' -> 'american-apa'...
Package biblatex Info: ... file 'american-apa.lbx' found.

(/usr/share/texlive/texmf-dist/tex/latex/biblatex-apa/american-apa.lbx
File: american-apa.lbx 2020/02/01 v9.5 APA biblatex localisation
Package biblatex Info: Trying to load language 'american'...
Package biblatex Info: ... file 'american.lbx' found.

(/usr/share/texlive/texmf-dist/tex/latex/biblatex/lbx/american.lbx
File: american.lbx 2019/12/01 v3.14 biblatex localization (PK/MW)
Package biblatex Info: Trying to load language 'english'...
Package biblatex Info: ... file 'english.lbx' found.

(/usr/share/texlive/texmf-dist/tex/latex/biblatex/lbx/english.lbx
File: english.lbx 2019/12/01 v3.14 biblatex localization (PK/MW)
))
Package biblatex Info: Trying to load language 'american'...
Package biblatex Info: ... file 'american.lbx' found.

(/usr/share/texlive/texmf-dist/tex/latex/biblatex/lbx/american.lbx
File: american.lbx 2019/12/01 v3.14 biblatex localization (PK/MW)
Package biblatex Info: Trying to load language 'english'...
Package biblatex Info: ... file 'english.lbx' found.

(/usr/share/texlive/texmf-dist/tex/latex/biblatex/lbx/english.lbx
File: english.lbx 2019/12/01 v3.14 biblatex localization (PK/MW)
)))
Package biblatex Info: Input encoding 'utf8' detected.
Package biblatex Info: Automatic encoding selection.
(biblatex)             Assuming data encoding 'utf8'.
\openout3 = `Thesis.bcf'.

Package biblatex Info: Trying to load bibliographic data...
Package biblatex Info: ... file 'Thesis.bbl' found.

(./Thesis.bbl)
Package biblatex Info: Reference section=0 on input line 36.
Package biblatex Info: Reference segment=0 on input line 36.

*geometry* driver: auto-detecting
*geometry* detected driver: pdftex
*geometry* verbose mode - [ preamble ] result:
* driver: pdftex
* paper: a4paper
* layout: <same size as paper>
* layoutoffset:(h,v)=(0.0pt,0.0pt)
* modes: 
* h-part:(L,W,R)=(85.35826pt, 426.79134pt, 85.35828pt)
* v-part:(T,H,B)=(71.13188pt, 702.78308pt, 71.13188pt)
* \paperwidth=597.50787pt
* \paperheight=845.04684pt
* \textwidth=426.79134pt
* \textheight=702.78308pt
* \oddsidemargin=13.08827pt
* \evensidemargin=13.08827pt
* \topmargin=-38.1381pt
* \headheight=12.0pt
* \headsep=25.0pt
* \topskip=12.0pt
* \footskip=30.0pt
* \marginparwidth=44.0pt
* \marginparsep=10.0pt
* \columnsep=10.0pt
* \skip\footins=10.8pt plus 4.0pt minus 2.0pt
* \hoffset=0.0pt
* \voffset=0.0pt
* \mag=1000
* \@twocolumnfalse
* \@twosidefalse
* \@mparswitchfalse
* \@reversemarginfalse
* (1in=72.27pt=25.4mm, 1cm=28.453pt)

\AtBeginShipoutBox=\box53
Package hyperref Info: Link coloring OFF on input line 36.
(/usr/share/texlive/texmf-dist/tex/latex/hyperref/nameref.sty
Package: nameref 2019/09/16 v2.46 Cross-referencing by name of section

(/usr/share/texlive/texmf-dist/tex/latex/refcount/refcount.sty
Package: refcount 2019/12/15 v3.6 Data extraction from label references (HO)
)
(/usr/share/texlive/texmf-dist/tex/generic/gettitlestring/gettitlestring.sty
Package: gettitlestring 2019/12/15 v1.6 Cleanup title references (HO)
)
\c@section@level=\count422
)
LaTeX Info: Redefining \ref on input line 36.
LaTeX Info: Redefining \pageref on input line 36.
LaTeX Info: Redefining \nameref on input line 36.

(./Thesis.out) (./Thesis.out)
\@outlinefile=\write4
\openout4 = `Thesis.out'.

 (./Chapters/Titlepage.tex
<Images/wqu_logo.jpg, id=52, 258.36525pt x 86.12175pt>
File: Images/wqu_logo.jpg Graphic file (type jpg)
<use Images/wqu_logo.jpg>
Package pdftex.def Info: Images/wqu_logo.jpg  used on input line 35.
(pdftex.def)             Requested size: 170.71393pt x 56.9049pt.
 [1

{/var/lib/texmf/fonts/map/pdftex/updmap/pdftex.map} <./Images/wqu_logo.jpg>])pd
fTeX warning (ext4): destination with the same identifier (name{page.1}) has be
en already used, duplicate ignored
<to be read again> 
                   \relax 
l.46 \tableofcontents
                      [1

] (./Thesis.toc
LaTeX Font Info:    Trying to load font information for U+msa on input line 6.

(/usr/share/texlive/texmf-dist/tex/latex/amsfonts/umsa.fd
File: umsa.fd 2013/01/14 v3.01 AMS symbols A
)
LaTeX Font Info:    Trying to load font information for U+msb on input line 6.

(/usr/share/texlive/texmf-dist/tex/latex/amsfonts/umsb.fd
File: umsb.fd 2013/01/14 v3.01 AMS symbols B
))
\tf@toc=\write5
\openout5 = `Thesis.toc'.

 [2

] (./Thesis.lof
[3

]
Overfull \hbox (1.42216pt too wide) in paragraph at lines 56--56
 [][] [][]\T1/cmr/m/n/12 Each cir-cle rep-re-sents one sam-ple that ac-tu-ally 
con-tains sev-eral trades. 
 []

)
\tf@lof=\write6
\openout6 = `Thesis.lof'.



Package Fancyhdr Warning: \headheight is too small (12.0pt): 
Make it at least 14.49998pt.
We now make it that large for the rest of the document.
This may cause the page layout to be inconsistent, however.

[4]
Chapter 1.
(./Chapters/Introduction/Introduction.tex
<Images/one.png, id=167, 702.625pt x 401.5pt>
File: Images/one.png Graphic file (type png)
<use Images/one.png>
Package pdftex.def Info: Images/one.png  used on input line 11.
(pdftex.def)             Requested size: 170.71335pt x 93.89302pt.
<Images/two.png, id=169, 702.625pt x 401.5pt>
File: Images/two.png Graphic file (type png)
<use Images/two.png>
Package pdftex.def Info: Images/two.png  used on input line 12.
(pdftex.def)             Requested size: 170.71335pt x 93.89302pt.
<Images/three.png, id=170, 702.625pt x 401.5pt>
File: Images/three.png Graphic file (type png)
<use Images/three.png>
Package pdftex.def Info: Images/three.png  used on input line 14.
(pdftex.def)             Requested size: 170.71335pt x 93.89302pt.
<Images/four.png, id=171, 702.625pt x 401.5pt>
File: Images/four.png Graphic file (type png)
<use Images/four.png>
Package pdftex.def Info: Images/four.png  used on input line 15.
(pdftex.def)             Requested size: 170.71335pt x 93.89302pt.
 [5

 <./Images/one.png> <./Images/two.png> <./Images/three.png> <./Images/four.png>
]
<Images/five.png, id=183, 803.0pt x 301.125pt>
File: Images/five.png Graphic file (type png)
<use Images/five.png>
Package pdftex.def Info: Images/five.png  used on input line 31.
(pdftex.def)             Requested size: 284.534pt x 113.81297pt.
 [6 <./Images/five.png>]) [7]
Chapter 2.
(./Chapters/Chapter1/Chapter1.tex
<Images/historical_volume.png, id=197, 1405.25pt x 501.875pt>
File: Images/historical_volume.png Graphic file (type png)
<use Images/historical_volume.png>
Package pdftex.def Info: Images/historical_volume.png  used on input line 15.
(pdftex.def)             Requested size: 284.51868pt x 113.80533pt.
 [8

 <./Images/historical_volume.png>]
<Images/volume2.png, id=206, 1405.25pt x 401.5pt>
File: Images/volume2.png Graphic file (type png)
<use Images/volume2.png>
Package pdftex.def Info: Images/volume2.png  used on input line 26.
(pdftex.def)             Requested size: 284.51868pt x 113.80992pt.
<Images/usdusdt.png, id=209, 1405.25pt x 401.5pt>
File: Images/usdusdt.png Graphic file (type png)
<use Images/usdusdt.png>
Package pdftex.def Info: Images/usdusdt.png  used on input line 35.
(pdftex.def)             Requested size: 284.51868pt x 113.80992pt.
<Images/mean1.png, id=211, 702.625pt x 301.125pt>
File: Images/mean1.png Graphic file (type png)
<use Images/mean1.png>
Package pdftex.def Info: Images/mean1.png  used on input line 44.
(pdftex.def)             Requested size: 170.71335pt x 93.89456pt.
<Images/mean2.png, id=212, 702.625pt x 301.125pt>
File: Images/mean2.png Graphic file (type png)
<use Images/mean2.png>
Package pdftex.def Info: Images/mean2.png  used on input line 45.
(pdftex.def)             Requested size: 170.71335pt x 93.89456pt.
<Images/mean3.png, id=213, 702.625pt x 301.125pt>
File: Images/mean3.png Graphic file (type png)
<use Images/mean3.png>
Package pdftex.def Info: Images/mean3.png  used on input line 47.
(pdftex.def)             Requested size: 170.71335pt x 93.89456pt.
<Images/mean4.png, id=214, 702.625pt x 301.125pt>
File: Images/mean4.png Graphic file (type png)
<use Images/mean4.png>
Package pdftex.def Info: Images/mean4.png  used on input line 48.
(pdftex.def)             Requested size: 170.71335pt x 93.89456pt.
 [9 <./Images/volume2.png> <./Images/usdusdt.png>]
LaTeX Font Info:    Trying to load font information for T1+cmtt on input line 6
1.

(/usr/share/texlive/texmf-dist/tex/latex/base/t1cmtt.fd
File: t1cmtt.fd 2019/12/16 v2.5j Standard LaTeX font definitions
)
<Images/ret_trades_1.png, id=223, 803.0pt x 401.5pt>
File: Images/ret_trades_1.png Graphic file (type png)
<use Images/ret_trades_1.png>
Package pdftex.def Info: Images/ret_trades_1.png  used on input line 74.
(pdftex.def)             Requested size: 170.71794pt x 93.89302pt.
<Images/ratio_ret_trades.png, id=224, 803.0pt x 401.5pt>
File: Images/ratio_ret_trades.png Graphic file (type png)
<use Images/ratio_ret_trades.png>
Package pdftex.def Info: Images/ratio_ret_trades.png  used on input line 75.
(pdftex.def)             Requested size: 170.71794pt x 93.89302pt.
<Images/price_retail.png, id=225, 1405.25pt x 401.5pt>
File: Images/price_retail.png Graphic file (type png)
<use Images/price_retail.png>
Package pdftex.def Info: Images/price_retail.png  used on input line 77.
(pdftex.def)             Requested size: 347.13037pt x 93.89302pt.
 [10 <./Images/mean1.png> <./Images/mean2.png> <./Images/mean3.png> <./Images/m
ean4.png>]
<Images/btcusd_hist.png, id=240, 702.625pt x 301.125pt>
File: Images/btcusd_hist.png Graphic file (type png)
<use Images/btcusd_hist.png>
Package pdftex.def Info: Images/btcusd_hist.png  used on input line 88.
(pdftex.def)             Requested size: 170.71335pt x 93.89456pt.
<Images/btcusdt_hist.png, id=241, 702.625pt x 301.125pt>
File: Images/btcusdt_hist.png Graphic file (type png)
<use Images/btcusdt_hist.png>
Package pdftex.def Info: Images/btcusdt_hist.png  used on input line 89.
(pdftex.def)             Requested size: 170.71335pt x 93.89456pt.
 [11 <./Images/ret_trades_1.png> <./Images/ratio_ret_trades.png> <./Images/pric
e_retail.png> <./Images/btcusd_hist.png> <./Images/btcusdt_hist.png>]
<Images/pre1.png, id=252, 803.0pt x 150.5625pt>
File: Images/pre1.png Graphic file (type png)
<use Images/pre1.png>
Package pdftex.def Info: Images/pre1.png  used on input line 121.
(pdftex.def)             Requested size: 341.4359pt x 76.8249pt.
<Images/pre2.png, id=253, 803.0pt x 150.5625pt>
File: Images/pre2.png Graphic file (type png)
<use Images/pre2.png>
Package pdftex.def Info: Images/pre2.png  used on input line 122.
(pdftex.def)             Requested size: 341.4359pt x 76.8249pt.
<Images/pre3.png, id=254, 803.0pt x 150.5625pt>
File: Images/pre3.png Graphic file (type png)
<use Images/pre3.png>
Package pdftex.def Info: Images/pre3.png  used on input line 123.
(pdftex.def)             Requested size: 341.4359pt x 76.8249pt.
<Images/pre4.png, id=255, 803.0pt x 150.5625pt>
File: Images/pre4.png Graphic file (type png)
<use Images/pre4.png>
Package pdftex.def Info: Images/pre4.png  used on input line 124.
(pdftex.def)             Requested size: 341.4359pt x 76.8249pt.
<Images/pre5.png, id=256, 803.0pt x 150.5625pt>
File: Images/pre5.png Graphic file (type png)
<use Images/pre5.png>
Package pdftex.def Info: Images/pre5.png  used on input line 125.
(pdftex.def)             Requested size: 341.4359pt x 76.8249pt.
<Images/cov1.png, id=257, 1204.5pt x 301.125pt>
File: Images/cov1.png Graphic file (type png)
<use Images/cov1.png>
Package pdftex.def Info: Images/cov1.png  used on input line 137.
(pdftex.def)             Requested size: 341.42978pt x 85.35744pt.
<Images/cov2.png, id=258, 1204.5pt x 301.125pt>
File: Images/cov2.png Graphic file (type png)
<use Images/cov2.png>
Package pdftex.def Info: Images/cov2.png  used on input line 138.
(pdftex.def)             Requested size: 341.42978pt x 85.35744pt.
 [12 <./Images/pre1.png> <./Images/pre2.png> <./Images/pre3.png> <./Images/pre4
.png> <./Images/pre5.png>]
<Images/kde1.png, id=272, 401.5pt x 301.125pt>
File: Images/kde1.png Graphic file (type png)
<use Images/kde1.png>
Package pdftex.def Info: Images/kde1.png  used on input line 148.
(pdftex.def)             Requested size: 113.80992pt x 71.13196pt.
<Images/kde2.png, id=273, 401.5pt x 301.125pt>
File: Images/kde2.png Graphic file (type png)
<use Images/kde2.png>
Package pdftex.def Info: Images/kde2.png  used on input line 149.
(pdftex.def)             Requested size: 113.80992pt x 71.13196pt.
<Images/kde3.png, id=274, 401.5pt x 301.125pt>
File: Images/kde3.png Graphic file (type png)
<use Images/kde3.png>
Package pdftex.def Info: Images/kde3.png  used on input line 150.
(pdftex.def)             Requested size: 113.80992pt x 71.13196pt.
<Images/kde4.png, id=275, 401.5pt x 301.125pt>
File: Images/kde4.png Graphic file (type png)
<use Images/kde4.png>
Package pdftex.def Info: Images/kde4.png  used on input line 151.
(pdftex.def)             Requested size: 113.80992pt x 71.13196pt.
<Images/kde5.png, id=276, 401.5pt x 301.125pt>
File: Images/kde5.png Graphic file (type png)
<use Images/kde5.png>
Package pdftex.def Info: Images/kde5.png  used on input line 152.
(pdftex.def)             Requested size: 113.80992pt x 71.13196pt.
 [13 <./Images/cov1.png> <./Images/cov2.png> <./Images/kde1.png> <./Images/kde2
.png> <./Images/kde3.png> <./Images/kde4.png> <./Images/kde5.png>]
<Images/kendal4.png, id=291, 1204.5pt x 301.125pt>
File: Images/kendal4.png Graphic file (type png)
<use Images/kendal4.png>
Package pdftex.def Info: Images/kendal4.png  used on input line 174.
(pdftex.def)             Requested size: 341.42978pt x 79.66908pt.
<Images/kendal3.png, id=292, 1204.5pt x 301.125pt>
File: Images/kendal3.png Graphic file (type png)
<use Images/kendal3.png>
Package pdftex.def Info: Images/kendal3.png  used on input line 175.
(pdftex.def)             Requested size: 341.42978pt x 79.66908pt.
<Images/kendal1.png, id=293, 1204.5pt x 301.125pt>
File: Images/kendal1.png Graphic file (type png)
<use Images/kendal1.png>
Package pdftex.def Info: Images/kendal1.png  used on input line 176.
(pdftex.def)             Requested size: 341.42978pt x 79.66908pt.
<Images/kendal2.png, id=294, 1204.5pt x 301.125pt>
File: Images/kendal2.png Graphic file (type png)
<use Images/kendal2.png>
Package pdftex.def Info: Images/kendal2.png  used on input line 177.
(pdftex.def)             Requested size: 341.42978pt x 79.66908pt.
 [14 <./Images/kendal4.png> <./Images/kendal3.png> <./Images/kendal1.png> <./Im
ages/kendal2.png>]
<Images/No_of_trades_all2.png, id=308, 1204.5pt x 301.125pt>
File: Images/No_of_trades_all2.png Graphic file (type png)
<use Images/No_of_trades_all2.png>
Package pdftex.def Info: Images/No_of_trades_all2.png  used on input line 190.
(pdftex.def)             Requested size: 341.42978pt x 79.66908pt.
<Images/No_of_trades_all1.png, id=309, 1204.5pt x 301.125pt>
File: Images/No_of_trades_all1.png Graphic file (type png)
<use Images/No_of_trades_all1.png>
Package pdftex.def Info: Images/No_of_trades_all1.png  used on input line 191.
(pdftex.def)             Requested size: 341.42978pt x 79.66908pt.
<Images/nosell1.png, id=311, 1204.5pt x 301.125pt>
File: Images/nosell1.png Graphic file (type png)
<use Images/nosell1.png>
Package pdftex.def Info: Images/nosell1.png  used on input line 200.
(pdftex.def)             Requested size: 341.42978pt x 79.66908pt.
<Images/nosell2.png, id=312, 1204.5pt x 301.125pt>
File: Images/nosell2.png Graphic file (type png)
<use Images/nosell2.png>
Package pdftex.def Info: Images/nosell2.png  used on input line 201.
(pdftex.def)             Requested size: 341.42978pt x 79.66908pt.
 [15 <./Images/No_of_trades_all2.png> <./Images/No_of_trades_all1.png> <./Image
s/nosell1.png> <./Images/nosell2.png>]
<Images/buy-sell.png, id=322, 1204.5pt x 301.125pt>
File: Images/buy-sell.png Graphic file (type png)
<use Images/buy-sell.png>
Package pdftex.def Info: Images/buy-sell.png  used on input line 216.
(pdftex.def)             Requested size: 341.42978pt x 79.66908pt.
<Images/cumdif.png, id=323, 1204.5pt x 301.125pt>
File: Images/cumdif.png Graphic file (type png)
<use Images/cumdif.png>
Package pdftex.def Info: Images/cumdif.png  used on input line 217.
(pdftex.def)             Requested size: 341.42978pt x 79.66908pt.
) [16 <./Images/buy-sell.png> <./Images/cumdif.png>]
Chapter 3.
(./Chapters/Chapter2/Chapter2.tex [17

]
<Images/hawkes1.png, id=339, 1405.25pt x 501.875pt>
File: Images/hawkes1.png Graphic file (type png)
<use Images/hawkes1.png>
Package pdftex.def Info: Images/hawkes1.png  used on input line 30.
(pdftex.def)             Requested size: 284.51868pt x 113.80533pt.
 [18] [19 <./Images/hawkes1.png>]
<Images/hawkes2.png, id=355, 1405.25pt x 501.875pt>
File: Images/hawkes2.png Graphic file (type png)
<use Images/hawkes2.png>
Package pdftex.def Info: Images/hawkes2.png  used on input line 60.
(pdftex.def)             Requested size: 341.42671pt x 113.80533pt.
<Images/hawkes3.png, id=356, 1405.25pt x 501.875pt>
File: Images/hawkes3.png Graphic file (type png)
<use Images/hawkes3.png>
Package pdftex.def Info: Images/hawkes3.png  used on input line 61.
(pdftex.def)             Requested size: 341.42671pt x 113.80533pt.

[20 <./Images/hawkes2.png> <./Images/hawkes3.png>]
<Images/hawkeszoom1.png, id=366, 1405.25pt x 501.875pt>
File: Images/hawkeszoom1.png Graphic file (type png)
<use Images/hawkeszoom1.png>
Package pdftex.def Info: Images/hawkeszoom1.png  used on input line 72.
(pdftex.def)             Requested size: 341.42671pt x 113.80533pt.
<Images/hawkeszoom2.png, id=367, 1405.25pt x 501.875pt>
File: Images/hawkeszoom2.png Graphic file (type png)
<use Images/hawkeszoom2.png>
Package pdftex.def Info: Images/hawkeszoom2.png  used on input line 73.
(pdftex.def)             Requested size: 341.42671pt x 113.80533pt.
<Images/hawkeszoom3.png, id=368, 1405.25pt x 501.875pt>
File: Images/hawkeszoom3.png Graphic file (type png)
<use Images/hawkeszoom3.png>
Package pdftex.def Info: Images/hawkeszoom3.png  used on input line 74.
(pdftex.def)             Requested size: 341.42671pt x 113.80533pt.
<Images/hawkeszoom4.png, id=369, 1405.25pt x 501.875pt>
File: Images/hawkeszoom4.png Graphic file (type png)
<use Images/hawkeszoom4.png>
Package pdftex.def Info: Images/hawkeszoom4.png  used on input line 75.
(pdftex.def)             Requested size: 341.42671pt x 113.80533pt.
 [21 <./Images/hawkeszoom1.png> <./Images/hawkeszoom2.png> <./Images/hawkeszoom
3.png> <./Images/hawkeszoom4.png>] [22]
<Images/vol_run_bin1.png, id=391, 1405.25pt x 501.875pt>
File: Images/vol_run_bin1.png Graphic file (type png)
<use Images/vol_run_bin1.png>
Package pdftex.def Info: Images/vol_run_bin1.png  used on input line 113.
(pdftex.def)             Requested size: 341.42671pt x 113.80533pt.
<Images/vol_run_coi1.png, id=392, 1405.25pt x 501.875pt>
File: Images/vol_run_coi1.png Graphic file (type png)
<use Images/vol_run_coi1.png>
Package pdftex.def Info: Images/vol_run_coi1.png  used on input line 114.
(pdftex.def)             Requested size: 341.42671pt x 113.80533pt.
 [23 <./Images/vol_run_bin1.png> <./Images/vol_run_coi1.png>]
<Images/pos1.png, id=402, 1405.25pt x 501.875pt>
File: Images/pos1.png Graphic file (type png)
<use Images/pos1.png>
Package pdftex.def Info: Images/pos1.png  used on input line 145.
(pdftex.def)             Requested size: 341.42671pt x 113.80533pt.
<Images/neg1.png, id=403, 1405.25pt x 501.875pt>
File: Images/neg1.png Graphic file (type png)
<use Images/neg1.png>
Package pdftex.def Info: Images/neg1.png  used on input line 146.
(pdftex.def)             Requested size: 341.42671pt x 113.80533pt.

[24 <./Images/pos1.png> <./Images/neg1.png>]
<Images/buy1.png, id=421, 1405.25pt x 501.875pt>
File: Images/buy1.png Graphic file (type png)
<use Images/buy1.png>
Package pdftex.def Info: Images/buy1.png  used on input line 159.
(pdftex.def)             Requested size: 341.42671pt x 113.80533pt.
<Images/sell1.png, id=422, 1405.25pt x 501.875pt>
File: Images/sell1.png Graphic file (type png)
<use Images/sell1.png>
Package pdftex.def Info: Images/sell1.png  used on input line 160.
(pdftex.def)             Requested size: 341.42671pt x 113.80533pt.
 [25 <./Images/buy1.png> <./Images/sell1.png>]
<Images/kde_time.png, id=429, 702.625pt x 301.125pt>
File: Images/kde_time.png Graphic file (type png)
<use Images/kde_time.png>
Package pdftex.def Info: Images/kde_time.png  used on input line 181.
(pdftex.def)             Requested size: 284.5294pt x 113.81297pt.
<Images/speed_coi1.png, id=433, 1405.25pt x 501.875pt>
File: Images/speed_coi1.png Graphic file (type png)
<use Images/speed_coi1.png>
Package pdftex.def Info: Images/speed_coi1.png  used on input line 194.
(pdftex.def)             Requested size: 341.42671pt x 113.80533pt.
<Images/speed_coi2.png, id=434, 1405.25pt x 501.875pt>
File: Images/speed_coi2.png Graphic file (type png)
<use Images/speed_coi2.png>
Package pdftex.def Info: Images/speed_coi2.png  used on input line 195.
(pdftex.def)             Requested size: 341.42671pt x 113.80533pt.
 [26 <./Images/kde_time.png>]
<Images/milli1.png, id=442, 1405.25pt x 602.25pt>
File: Images/milli1.png Graphic file (type png)
<use Images/milli1.png>
Package pdftex.def Info: Images/milli1.png  used on input line 204.
(pdftex.def)             Requested size: 341.42671pt x 113.80379pt.
 [27 <./Images/speed_coi1.png> <./Images/speed_coi2.png> <./Images/milli1.png>]
<Images/pca_sampl1.png, id=451, 1405.25pt x 501.875pt>
File: Images/pca_sampl1.png Graphic file (type png)
<use Images/pca_sampl1.png>
Package pdftex.def Info: Images/pca_sampl1.png  used on input line 220.
(pdftex.def)             Requested size: 341.42671pt x 113.80533pt.
<Images/pca_sampl2.png, id=452, 1405.25pt x 501.875pt>
File: Images/pca_sampl2.png Graphic file (type png)
<use Images/pca_sampl2.png>
Package pdftex.def Info: Images/pca_sampl2.png  used on input line 221.
(pdftex.def)             Requested size: 341.42671pt x 113.80533pt.
<Images/pca_sampl3.png, id=453, 1405.25pt x 501.875pt>
File: Images/pca_sampl3.png Graphic file (type png)
<use Images/pca_sampl3.png>
Package pdftex.def Info: Images/pca_sampl3.png  used on input line 222.
(pdftex.def)             Requested size: 341.42671pt x 113.80533pt.
 [28 <./Images/pca_sampl1.png> <./Images/pca_sampl2.png> <./Images/pca_sampl3.p
ng>]
<Images/pca_sampl4.png, id=462, 1405.25pt x 501.875pt>
File: Images/pca_sampl4.png Graphic file (type png)
<use Images/pca_sampl4.png>
Package pdftex.def Info: Images/pca_sampl4.png  used on input line 235.
(pdftex.def)             Requested size: 341.42671pt x 113.80533pt.
<Images/pca_sampl5.png, id=463, 1405.25pt x 501.875pt>
File: Images/pca_sampl5.png Graphic file (type png)
<use Images/pca_sampl5.png>
Package pdftex.def Info: Images/pca_sampl5.png  used on input line 236.
(pdftex.def)             Requested size: 341.42671pt x 113.80533pt.
<Images/pca_sampl6.png, id=464, 1405.25pt x 501.875pt>
File: Images/pca_sampl6.png Graphic file (type png)
<use Images/pca_sampl6.png>
Package pdftex.def Info: Images/pca_sampl6.png  used on input line 237.
(pdftex.def)             Requested size: 341.42671pt x 113.80533pt.
) [29 <./Images/pca_sampl4.png> <./Images/pca_sampl5.png> <./Images/pca_sampl6.
png>]
Package atveryend Info: Empty hook `BeforeClearDocument' on input line 65.
 [30

]
Package atveryend Info: Empty hook `AfterLastShipout' on input line 65.
 (./Thesis.aux)
Package atveryend Info: Executing hook `AtVeryEndDocument' on input line 65.
Package atveryend Info: Executing hook `AtEndAfterFileList' on input line 65.
Package rerunfilecheck Info: File `Thesis.out' has not changed.
(rerunfilecheck)             Checksum: 678043834DCE74083C989A7D3BFF8F78;676.
Package logreq Info: Writing requests to 'Thesis.run.xml'.
\openout1 = `Thesis.run.xml'.

 ) 
Here is how much of TeX's memory you used:
 18575 strings out of 481239
 311445 string characters out of 5920378
 994568 words of memory out of 5000000
 33422 multiletter control sequences out of 15000+600000
 547287 words of font info for 58 fonts, out of 8000000 for 9000
 1141 hyphenation exceptions out of 8191
 41i,11n,45p,1272b,3045s stack positions out of 5000i,500n,10000p,200000b,80000s
{/usr/share/texmf/fonts/enc/dvips/cm-super/cm-super-t1.enc}{/usr/share/texmf/
fonts/enc/dvips/cm-super/cm-super-ts1.enc}</usr/share/texlive/texmf-dist/fonts/
type1/public/amsfonts/cm/cmex10.pfb></usr/share/texlive/texmf-dist/fonts/type1/
public/amsfonts/cm/cmmi12.pfb></usr/share/texlive/texmf-dist/fonts/type1/public
/amsfonts/cm/cmmi6.pfb></usr/share/texlive/texmf-dist/fonts/type1/public/amsfon
ts/cm/cmmi8.pfb></usr/share/texlive/texmf-dist/fonts/type1/public/amsfonts/cm/c
mr12.pfb></usr/share/texlive/texmf-dist/fonts/type1/public/amsfonts/cm/cmr6.pfb
></usr/share/texlive/texmf-dist/fonts/type1/public/amsfonts/cm/cmr8.pfb></usr/s
hare/texlive/texmf-dist/fonts/type1/public/amsfonts/cm/cmsy10.pfb></usr/share/t
exlive/texmf-dist/fonts/type1/public/amsfonts/cm/cmsy8.pfb></usr/share/texlive/
texmf-dist/fonts/type1/public/amsfonts/symbols/msbm10.pfb></usr/share/texmf/fon
ts/type1/public/cm-super/sfbx1200.pfb></usr/share/texmf/fonts/type1/public/cm-s
uper/sfbx1728.pfb></usr/share/texmf/fonts/type1/public/cm-super/sfbx2488.pfb></
usr/share/texmf/fonts/type1/public/cm-super/sfcc1200.pfb></usr/share/texmf/font
s/type1/public/cm-super/sfrm0800.pfb></usr/share/texmf/fonts/type1/public/cm-su
per/sfrm1200.pfb></usr/share/texmf/fonts/type1/public/cm-super/sfrm1728.pfb></u
sr/share/texmf/fonts/type1/public/cm-super/sfsl1200.pfb></usr/share/texmf/fonts
/type1/public/cm-super/sfti1200.pfb></usr/share/texmf/fonts/type1/public/cm-sup
er/sfti1728.pfb></usr/share/texmf/fonts/type1/public/cm-super/sftt1200.pfb>
Output written on Thesis.pdf (31 pages, 2761627 bytes).
PDF statistics:
 590 PDF objects out of 1000 (max. 8388607)
 406 compressed objects within 5 object streams
 96 named destinations out of 1000 (max. 500000)
 412 words of extra memory for PDF output out of 10000 (max. 10000000)

